<?xml version="1.0" encoding="UTF-8"?>
<testng-results ignored="0" total="1" passed="1" failed="0" skipped="0">
  <reporter-output>
  </reporter-output>
  <suite started-at="2024-02-27T11:29:19 IST" name="Default suite" finished-at="2024-02-27T11:29:22 IST" duration-ms="3129">
    <groups>
    </groups>
    <test started-at="2024-02-27T11:29:19 IST" name="Default test" finished-at="2024-02-27T11:29:22 IST" duration-ms="3129">
      <class name="TestNg.NG.ListenerTestClass">
        <test-method signature="invokechrome()[pri:0, instance:TestNg.NG.ListenerTestClass@29215f06]" started-at="2024-02-27T11:29:19 IST" name="invokechrome" finished-at="2024-02-27T11:29:22 IST" duration-ms="3074" status="PASS">
          <reporter-output>
          </reporter-output>
        </test-method> <!-- invokechrome -->
      </class> <!-- TestNg.NG.ListenerTestClass -->
    </test> <!-- Default test -->
  </suite> <!-- Default suite -->
</testng-results>
