<?xml version="1.0" encoding="UTF-8"?>
<testng-results ignored="0" total="13" passed="12" failed="1" skipped="0">
  <reporter-output>
  </reporter-output>
  <suite started-at="2024-02-28T15:31:18 IST" name="Suite" finished-at="2024-02-28T15:31:27 IST" duration-ms="9383">
    <groups>
      <group name="regression">
        <method signature="group.T1()[pri:1, instance:TestNg.NG.group@15bb5034]" name="T1" class="TestNg.NG.group"/>
        <method signature="group.T6()[pri:2, instance:TestNg.NG.group@15bb5034]" name="T6" class="TestNg.NG.group"/>
        <method signature="group.T4()[pri:3, instance:TestNg.NG.group@15bb5034]" name="T4" class="TestNg.NG.group"/>
      </group> <!-- regression -->
      <group name="smoke">
        <method signature="group.T5()[pri:2, instance:TestNg.NG.group@15bb5034]" name="T5" class="TestNg.NG.group"/>
        <method signature="group.T6()[pri:2, instance:TestNg.NG.group@15bb5034]" name="T6" class="TestNg.NG.group"/>
        <method signature="group.T2()[pri:5, instance:TestNg.NG.group@15bb5034]" name="T2" class="TestNg.NG.group"/>
      </group> <!-- smoke -->
      <group name="sanity">
        <method signature="group.T1()[pri:1, instance:TestNg.NG.group@15bb5034]" name="T1" class="TestNg.NG.group"/>
        <method signature="group.T6()[pri:2, instance:TestNg.NG.group@15bb5034]" name="T6" class="TestNg.NG.group"/>
        <method signature="group.T3()[pri:4, instance:TestNg.NG.group@15bb5034]" name="T3" class="TestNg.NG.group"/>
        <method signature="group.T2()[pri:5, instance:TestNg.NG.group@15bb5034]" name="T2" class="TestNg.NG.group"/>
      </group> <!-- sanity -->
    </groups>
    <test started-at="2024-02-28T15:31:18 IST" name="Test" finished-at="2024-02-28T15:31:27 IST" duration-ms="9383">
      <class name="TestNg.NG.Priort">
        <test-method signature="testcase1()[pri:0, instance:TestNg.NG.Priort@7d0b7e3c]" started-at="2024-02-28T15:31:24 IST" name="testcase1" finished-at="2024-02-28T15:31:24 IST" duration-ms="10" status="PASS">
          <reporter-output>
          </reporter-output>
        </test-method> <!-- testcase1 -->
        <test-method signature="testcase3()[pri:1, instance:TestNg.NG.Priort@7d0b7e3c]" started-at="2024-02-28T15:31:24 IST" name="testcase3" finished-at="2024-02-28T15:31:24 IST" duration-ms="3" status="PASS">
          <reporter-output>
          </reporter-output>
        </test-method> <!-- testcase3 -->
        <test-method signature="testcase2()[pri:2, instance:TestNg.NG.Priort@7d0b7e3c]" started-at="2024-02-28T15:31:24 IST" name="testcase2" finished-at="2024-02-28T15:31:24 IST" duration-ms="2" status="PASS">
          <reporter-output>
          </reporter-output>
        </test-method> <!-- testcase2 -->
      </class> <!-- TestNg.NG.Priort -->
      <class name="TestNg.NG.annotation">
        <test-method is-config="true" signature="mainMethod()[pri:0, instance:TestNg.NG.annotation@6892b3b6]" started-at="2024-02-28T15:31:18 IST" name="mainMethod" finished-at="2024-02-28T15:31:24 IST" duration-ms="6378" status="PASS">
          <reporter-output>
          </reporter-output>
        </test-method> <!-- mainMethod -->
        <test-method signature="configLogin()[pri:0, instance:TestNg.NG.annotation@6892b3b6]" started-at="2024-02-28T15:31:24 IST" name="configLogin" finished-at="2024-02-28T15:31:27 IST" duration-ms="2739" status="PASS">
          <reporter-output>
          </reporter-output>
        </test-method> <!-- configLogin -->
        <test-method is-config="true" signature="tearDown()[pri:0, instance:TestNg.NG.annotation@6892b3b6]" started-at="2024-02-28T15:31:27 IST" name="tearDown" finished-at="2024-02-28T15:31:27 IST" duration-ms="192" status="PASS">
          <reporter-output>
          </reporter-output>
        </test-method> <!-- tearDown -->
        <test-method signature="configLogin1()[pri:0, instance:TestNg.NG.annotation@6892b3b6]" started-at="2024-02-28T15:31:27 IST" name="configLogin1" finished-at="2024-02-28T15:31:27 IST" duration-ms="8" status="FAIL">
          <exception class="org.openqa.selenium.NoSuchSessionException">
            <message>
              <![CDATA[Session ID is null. Using WebDriver after calling quit()?
Build info: version: '4.15.0', revision: '1d14b5521b'
System info: os.name: 'Windows 11', os.arch: 'amd64', os.version: '10.0', java.version: '17.0.9'
Driver info: org.openqa.selenium.edge.EdgeDriver
Command: [null, findElement {using=link text, value=Change your password}]
Capabilities {acceptInsecureCerts: false, browserName: MicrosoftEdge, browserVersion: 122.0.2365.59, fedcm:accounts: true, ms:edgeOptions: {debuggerAddress: localhost:52937}, msedge: {msedgedriverVersion: 122.0.2365.52 (dcf246d1e496..., userDataDir: C:\Users\ashwi\AppData\Loca...}, networkConnectionEnabled: false, pageLoadStrategy: normal, platformName: windows, proxy: Proxy(), se:cdp: ws://localhost:52937/devtoo..., se:cdpVersion: 122.0.2365.59, setWindowRect: true, strictFileInteractability: false, timeouts: {implicit: 0, pageLoad: 300000, script: 30000}, unhandledPromptBehavior: dismiss and notify, webauthn:extension:credBlob: true, webauthn:extension:largeBlob: true, webauthn:extension:minPinLength: true, webauthn:extension:prf: true, webauthn:virtualAuthenticators: true}]]>
            </message>
            <full-stacktrace>
              <![CDATA[org.openqa.selenium.NoSuchSessionException: Session ID is null. Using WebDriver after calling quit()?
Build info: version: '4.15.0', revision: '1d14b5521b'
System info: os.name: 'Windows 11', os.arch: 'amd64', os.version: '10.0', java.version: '17.0.9'
Driver info: org.openqa.selenium.edge.EdgeDriver
Command: [null, findElement {using=link text, value=Change your password}]
Capabilities {acceptInsecureCerts: false, browserName: MicrosoftEdge, browserVersion: 122.0.2365.59, fedcm:accounts: true, ms:edgeOptions: {debuggerAddress: localhost:52937}, msedge: {msedgedriverVersion: 122.0.2365.52 (dcf246d1e496..., userDataDir: C:\Users\ashwi\AppData\Loca...}, networkConnectionEnabled: false, pageLoadStrategy: normal, platformName: windows, proxy: Proxy(), se:cdp: ws://localhost:52937/devtoo..., se:cdpVersion: 122.0.2365.59, setWindowRect: true, strictFileInteractability: false, timeouts: {implicit: 0, pageLoad: 300000, script: 30000}, unhandledPromptBehavior: dismiss and notify, webauthn:extension:credBlob: true, webauthn:extension:largeBlob: true, webauthn:extension:minPinLength: true, webauthn:extension:prf: true, webauthn:virtualAuthenticators: true}
at org.openqa.selenium.remote.HttpCommandExecutor.execute(HttpCommandExecutor.java:152)
at org.openqa.selenium.remote.service.DriverCommandExecutor.invokeExecute(DriverCommandExecutor.java:200)
at org.openqa.selenium.remote.service.DriverCommandExecutor.execute(DriverCommandExecutor.java:175)
at org.openqa.selenium.remote.RemoteWebDriver.execute(RemoteWebDriver.java:607)
at org.openqa.selenium.remote.ElementLocation$ElementFinder$2.findElement(ElementLocation.java:165)
at org.openqa.selenium.remote.ElementLocation.findElement(ElementLocation.java:59)
at org.openqa.selenium.remote.RemoteWebDriver.findElement(RemoteWebDriver.java:364)
at org.openqa.selenium.remote.RemoteWebDriver.findElement(RemoteWebDriver.java:358)
at TestNg.NG.annotation.configLogin1(annotation.java:48)
at java.base/jdk.internal.reflect.NativeMethodAccessorImpl.invoke0(Native Method)
at java.base/jdk.internal.reflect.NativeMethodAccessorImpl.invoke(NativeMethodAccessorImpl.java:77)
at java.base/jdk.internal.reflect.DelegatingMethodAccessorImpl.invoke(DelegatingMethodAccessorImpl.java:43)
at java.base/java.lang.reflect.Method.invoke(Method.java:568)
at org.testng.internal.invokers.MethodInvocationHelper.invokeMethod(MethodInvocationHelper.java:139)
at org.testng.internal.invokers.TestInvoker.invokeMethod(TestInvoker.java:664)
at org.testng.internal.invokers.TestInvoker.invokeTestMethod(TestInvoker.java:228)
at org.testng.internal.invokers.MethodRunner.runInSequence(MethodRunner.java:63)
at org.testng.internal.invokers.TestInvoker$MethodInvocationAgent.invoke(TestInvoker.java:961)
at org.testng.internal.invokers.TestInvoker.invokeTestMethods(TestInvoker.java:201)
at org.testng.internal.invokers.TestMethodWorker.invokeTestMethods(TestMethodWorker.java:148)
at org.testng.internal.invokers.TestMethodWorker.run(TestMethodWorker.java:128)
at java.base/java.util.concurrent.Executors$RunnableAdapter.call(Executors.java:539)
at java.base/java.util.concurrent.FutureTask.run(FutureTask.java:264)
at org.testng.internal.thread.graph.TestNGFutureTask.run(TestNGFutureTask.java:22)
at java.base/java.util.concurrent.ThreadPoolExecutor.runWorker(ThreadPoolExecutor.java:1136)
at java.base/java.util.concurrent.ThreadPoolExecutor$Worker.run(ThreadPoolExecutor.java:635)
at java.base/java.lang.Thread.run(Thread.java:840)
]]>
            </full-stacktrace>
          </exception> <!-- org.openqa.selenium.NoSuchSessionException -->
          <reporter-output>
          </reporter-output>
        </test-method> <!-- configLogin1 -->
        <test-method is-config="true" signature="tearDown()[pri:0, instance:TestNg.NG.annotation@6892b3b6]" started-at="2024-02-28T15:31:27 IST" name="tearDown" finished-at="2024-02-28T15:31:27 IST" duration-ms="5" status="PASS">
          <reporter-output>
          </reporter-output>
        </test-method> <!-- tearDown -->
        <test-method is-config="true" signature="tearDown()[pri:0, instance:TestNg.NG.annotation@6892b3b6]" started-at="2024-02-28T15:31:27 IST" name="tearDown" finished-at="2024-02-28T15:31:27 IST" duration-ms="4" status="PASS">
          <reporter-output>
          </reporter-output>
        </test-method> <!-- tearDown -->
      </class> <!-- TestNg.NG.annotation -->
      <class name="TestNg.NG.group">
        <test-method signature="T1()[pri:1, instance:TestNg.NG.group@15bb5034]" started-at="2024-02-28T15:31:24 IST" name="T1" finished-at="2024-02-28T15:31:24 IST" duration-ms="10" status="PASS">
          <reporter-output>
          </reporter-output>
        </test-method> <!-- T1 -->
        <test-method signature="T6()[pri:2, instance:TestNg.NG.group@15bb5034]" started-at="2024-02-28T15:31:24 IST" name="T6" finished-at="2024-02-28T15:31:24 IST" duration-ms="0" status="PASS">
          <reporter-output>
          </reporter-output>
        </test-method> <!-- T6 -->
        <test-method signature="T5()[pri:2, instance:TestNg.NG.group@15bb5034]" started-at="2024-02-28T15:31:24 IST" name="T5" finished-at="2024-02-28T15:31:24 IST" duration-ms="0" status="PASS">
          <reporter-output>
          </reporter-output>
        </test-method> <!-- T5 -->
        <test-method signature="T4()[pri:3, instance:TestNg.NG.group@15bb5034]" started-at="2024-02-28T15:31:24 IST" name="T4" finished-at="2024-02-28T15:31:24 IST" duration-ms="0" status="PASS">
          <reporter-output>
          </reporter-output>
        </test-method> <!-- T4 -->
        <test-method signature="T3()[pri:4, instance:TestNg.NG.group@15bb5034]" started-at="2024-02-28T15:31:24 IST" name="T3" finished-at="2024-02-28T15:31:24 IST" duration-ms="1" status="PASS">
          <reporter-output>
          </reporter-output>
        </test-method> <!-- T3 -->
        <test-method signature="T2()[pri:5, instance:TestNg.NG.group@15bb5034]" started-at="2024-02-28T15:31:24 IST" name="T2" finished-at="2024-02-28T15:31:24 IST" duration-ms="2" status="PASS">
          <reporter-output>
          </reporter-output>
        </test-method> <!-- T2 -->
      </class> <!-- TestNg.NG.group -->
      <class name="TestNg.NG.Enable">
        <test-method signature="testcase1()[pri:0, instance:TestNg.NG.Enable@6e9175d8]" started-at="2024-02-28T15:31:24 IST" name="testcase1" finished-at="2024-02-28T15:31:24 IST" duration-ms="13" status="PASS">
          <reporter-output>
          </reporter-output>
        </test-method> <!-- testcase1 -->
        <test-method signature="testcase3()[pri:1, instance:TestNg.NG.Enable@6e9175d8]" started-at="2024-02-28T15:31:24 IST" name="testcase3" finished-at="2024-02-28T15:31:24 IST" duration-ms="0" status="PASS">
          <reporter-output>
          </reporter-output>
        </test-method> <!-- testcase3 -->
      </class> <!-- TestNg.NG.Enable -->
    </test> <!-- Test -->
  </suite> <!-- Suite -->
</testng-results>
